0 info it worked if it ends with ok
1 verbose cli [ 'C:\\Program Files\\nodejs\\\\node.exe',
1 verbose cli   'C:\\Program Files\\nodejs\\node_modules\\npm\\bin\\npm-cli.js',
1 verbose cli   'install' ]
2 info using npm@1.4.28
3 info using node@v0.10.35
4 verbose node symlink C:\Program Files\nodejs\\node.exe
5 warn package.json weixue@0.1.0 No repository field.
6 verbose readDependencies using package.json deps
7 verbose install where, deps [ 'C:\\web',
7 verbose install   [ 'grunt',
7 verbose install     'grunt-contrib-compass',
7 verbose install     'grunt-contrib-coffee',
7 verbose install     'grunt-contrib-jade' ] ]
8 info preinstall weixue@0.1.0
9 verbose readDependencies using package.json deps
10 verbose cache add [ 'grunt@~0.4.1', null ]
11 verbose cache add name=undefined spec="grunt@~0.4.1" args=["grunt@~0.4.1",null]
12 verbose parsed url { protocol: null,
12 verbose parsed url   slashes: null,
12 verbose parsed url   auth: null,
12 verbose parsed url   host: null,
12 verbose parsed url   port: null,
12 verbose parsed url   hostname: null,
12 verbose parsed url   hash: null,
12 verbose parsed url   search: null,
12 verbose parsed url   query: null,
12 verbose parsed url   pathname: 'grunt@~0.4.1',
12 verbose parsed url   path: 'grunt@~0.4.1',
12 verbose parsed url   href: 'grunt@~0.4.1' }
13 verbose cache add [ 'grunt-contrib-compass@~0.14.0', null ]
14 verbose cache add name=undefined spec="grunt-contrib-compass@~0.14.0" args=["grunt-contrib-compass@~0.14.0",null]
15 verbose parsed url { protocol: null,
15 verbose parsed url   slashes: null,
15 verbose parsed url   auth: null,
15 verbose parsed url   host: null,
15 verbose parsed url   port: null,
15 verbose parsed url   hostname: null,
15 verbose parsed url   hash: null,
15 verbose parsed url   search: null,
15 verbose parsed url   query: null,
15 verbose parsed url   pathname: 'grunt-contrib-compass@~0.14.0',
15 verbose parsed url   path: 'grunt-contrib-compass@~0.14.0',
15 verbose parsed url   href: 'grunt-contrib-compass@~0.14.0' }
16 verbose cache add [ 'grunt-contrib-coffee@~0.12.0', null ]
17 verbose cache add name=undefined spec="grunt-contrib-coffee@~0.12.0" args=["grunt-contrib-coffee@~0.12.0",null]
18 verbose parsed url { protocol: null,
18 verbose parsed url   slashes: null,
18 verbose parsed url   auth: null,
18 verbose parsed url   host: null,
18 verbose parsed url   port: null,
18 verbose parsed url   hostname: null,
18 verbose parsed url   hash: null,
18 verbose parsed url   search: null,
18 verbose parsed url   query: null,
18 verbose parsed url   pathname: 'grunt-contrib-coffee@~0.12.0',
18 verbose parsed url   path: 'grunt-contrib-coffee@~0.12.0',
18 verbose parsed url   href: 'grunt-contrib-coffee@~0.12.0' }
19 verbose cache add [ 'grunt-contrib-jade@~0.14.0', null ]
20 verbose cache add name=undefined spec="grunt-contrib-jade@~0.14.0" args=["grunt-contrib-jade@~0.14.0",null]
21 verbose parsed url { protocol: null,
21 verbose parsed url   slashes: null,
21 verbose parsed url   auth: null,
21 verbose parsed url   host: null,
21 verbose parsed url   port: null,
21 verbose parsed url   hostname: null,
21 verbose parsed url   hash: null,
21 verbose parsed url   search: null,
21 verbose parsed url   query: null,
21 verbose parsed url   pathname: 'grunt-contrib-jade@~0.14.0',
21 verbose parsed url   path: 'grunt-contrib-jade@~0.14.0',
21 verbose parsed url   href: 'grunt-contrib-jade@~0.14.0' }
22 verbose cache add name="grunt" spec="~0.4.1" args=["grunt","~0.4.1"]
23 verbose parsed url { protocol: null,
23 verbose parsed url   slashes: null,
23 verbose parsed url   auth: null,
23 verbose parsed url   host: null,
23 verbose parsed url   port: null,
23 verbose parsed url   hostname: null,
23 verbose parsed url   hash: null,
23 verbose parsed url   search: null,
23 verbose parsed url   query: null,
23 verbose parsed url   pathname: '~0.4.1',
23 verbose parsed url   path: '~0.4.1',
23 verbose parsed url   href: '~0.4.1' }
24 verbose addNamed [ 'grunt', '~0.4.1' ]
25 verbose addNamed [ null, '>=0.4.1-0 <0.5.0-0' ]
26 verbose cache add name="grunt-contrib-compass" spec="~0.14.0" args=["grunt-contrib-compass","~0.14.0"]
27 verbose parsed url { protocol: null,
27 verbose parsed url   slashes: null,
27 verbose parsed url   auth: null,
27 verbose parsed url   host: null,
27 verbose parsed url   port: null,
27 verbose parsed url   hostname: null,
27 verbose parsed url   hash: null,
27 verbose parsed url   search: null,
27 verbose parsed url   query: null,
27 verbose parsed url   pathname: '~0.14.0',
27 verbose parsed url   path: '~0.14.0',
27 verbose parsed url   href: '~0.14.0' }
28 verbose addNamed [ 'grunt-contrib-compass', '~0.14.0' ]
29 verbose addNamed [ null, '>=0.14.0-0 <0.15.0-0' ]
30 verbose cache add name="grunt-contrib-coffee" spec="~0.12.0" args=["grunt-contrib-coffee","~0.12.0"]
31 verbose parsed url { protocol: null,
31 verbose parsed url   slashes: null,
31 verbose parsed url   auth: null,
31 verbose parsed url   host: null,
31 verbose parsed url   port: null,
31 verbose parsed url   hostname: null,
31 verbose parsed url   hash: null,
31 verbose parsed url   search: null,
31 verbose parsed url   query: null,
31 verbose parsed url   pathname: '~0.12.0',
31 verbose parsed url   path: '~0.12.0',
31 verbose parsed url   href: '~0.12.0' }
32 verbose addNamed [ 'grunt-contrib-coffee', '~0.12.0' ]
33 verbose addNamed [ null, '>=0.12.0-0 <0.13.0-0' ]
34 verbose cache add name="grunt-contrib-jade" spec="~0.14.0" args=["grunt-contrib-jade","~0.14.0"]
35 verbose parsed url { protocol: null,
35 verbose parsed url   slashes: null,
35 verbose parsed url   auth: null,
35 verbose parsed url   host: null,
35 verbose parsed url   port: null,
35 verbose parsed url   hostname: null,
35 verbose parsed url   hash: null,
35 verbose parsed url   search: null,
35 verbose parsed url   query: null,
35 verbose parsed url   pathname: '~0.14.0',
35 verbose parsed url   path: '~0.14.0',
35 verbose parsed url   href: '~0.14.0' }
36 verbose addNamed [ 'grunt-contrib-jade', '~0.14.0' ]
37 verbose addNamed [ null, '>=0.14.0-0 <0.15.0-0' ]
38 silly lockFile 766a3bd3-grunt-0-4-1 grunt@~0.4.1
39 verbose lock grunt@~0.4.1 C:\Documents and Settings\Administrator\Application Data\npm-cache\766a3bd3-grunt-0-4-1.lock
40 silly lockFile 1aa7bbe0-grunt-contrib-compass-0-14-0 grunt-contrib-compass@~0.14.0
41 verbose lock grunt-contrib-compass@~0.14.0 C:\Documents and Settings\Administrator\Application Data\npm-cache\1aa7bbe0-grunt-contrib-compass-0-14-0.lock
42 silly lockFile aaa74e39-grunt-contrib-coffee-0-12-0 grunt-contrib-coffee@~0.12.0
43 verbose lock grunt-contrib-coffee@~0.12.0 C:\Documents and Settings\Administrator\Application Data\npm-cache\aaa74e39-grunt-contrib-coffee-0-12-0.lock
44 silly lockFile 55698a74-grunt-contrib-jade-0-14-0 grunt-contrib-jade@~0.14.0
45 verbose lock grunt-contrib-jade@~0.14.0 C:\Documents and Settings\Administrator\Application Data\npm-cache\55698a74-grunt-contrib-jade-0-14-0.lock
46 silly addNameRange { name: 'grunt', range: '>=0.4.1-0 <0.5.0-0', hasData: false }
47 silly addNameRange { name: 'grunt-contrib-compass',
47 silly addNameRange   range: '>=0.14.0-0 <0.15.0-0',
47 silly addNameRange   hasData: false }
48 silly addNameRange { name: 'grunt-contrib-coffee',
48 silly addNameRange   range: '>=0.12.0-0 <0.13.0-0',
48 silly addNameRange   hasData: false }
49 silly addNameRange { name: 'grunt-contrib-jade',
49 silly addNameRange   range: '>=0.14.0-0 <0.15.0-0',
49 silly addNameRange   hasData: false }
50 verbose request where is /grunt
51 verbose request registry https://registry.npmjs.org/
52 verbose request id b5dcbf7c6e44a515
53 verbose url raw /grunt
54 verbose url resolving [ 'https://registry.npmjs.org/', './grunt' ]
55 verbose url resolved https://registry.npmjs.org/grunt
56 verbose request where is https://registry.npmjs.org/grunt
57 info trying registry request attempt 1 at 03:52:41
58 verbose etag "6UCJL2XUABC2SAGXWUBO45Z8X"
59 http GET https://registry.npmjs.org/grunt
60 verbose request where is /grunt-contrib-compass
61 verbose request registry https://registry.npmjs.org/
62 verbose url raw /grunt-contrib-compass
63 verbose url resolving [ 'https://registry.npmjs.org/', './grunt-contrib-compass' ]
64 verbose url resolved https://registry.npmjs.org/grunt-contrib-compass
65 verbose request where is https://registry.npmjs.org/grunt-contrib-compass
66 info trying registry request attempt 1 at 03:52:41
67 verbose etag "2K61BYMEBZLNEP2TTMDWUI9RL"
68 http GET https://registry.npmjs.org/grunt-contrib-compass
69 verbose request where is /grunt-contrib-coffee
70 verbose request registry https://registry.npmjs.org/
71 verbose url raw /grunt-contrib-coffee
72 verbose url resolving [ 'https://registry.npmjs.org/', './grunt-contrib-coffee' ]
73 verbose url resolved https://registry.npmjs.org/grunt-contrib-coffee
74 verbose request where is https://registry.npmjs.org/grunt-contrib-coffee
75 info trying registry request attempt 1 at 03:52:41
76 verbose etag "DI5SGLFO9B5FQV218O9ES7LL0"
77 http GET https://registry.npmjs.org/grunt-contrib-coffee
78 verbose request where is /grunt-contrib-jade
79 verbose request registry https://registry.npmjs.org/
80 verbose url raw /grunt-contrib-jade
81 verbose url resolving [ 'https://registry.npmjs.org/', './grunt-contrib-jade' ]
82 verbose url resolved https://registry.npmjs.org/grunt-contrib-jade
83 verbose request where is https://registry.npmjs.org/grunt-contrib-jade
84 info trying registry request attempt 1 at 03:52:41
85 verbose etag "CBY0XE2U6V8J9V20UU57WGTBR"
86 http GET https://registry.npmjs.org/grunt-contrib-jade
87 http 304 https://registry.npmjs.org/grunt-contrib-compass
88 silly registry.get cb [ 304,
88 silly registry.get   { date: 'Fri, 26 Dec 2014 19:52:43 GMT',
88 silly registry.get     server: 'Apache',
88 silly registry.get     via: '1.1 varnish',
88 silly registry.get     'last-modified': 'Fri, 26 Dec 2014 19:52:43 GMT',
88 silly registry.get     'cache-control': 'max-age=60',
88 silly registry.get     etag: '"2K61BYMEBZLNEP2TTMDWUI9RL"',
88 silly registry.get     age: '26',
88 silly registry.get     'x-served-by': 'cache-ty68-TYO',
88 silly registry.get     'x-cache': 'HIT',
88 silly registry.get     'x-cache-hits': '1',
88 silly registry.get     'x-timer': 'S1419623563.245957,VS0,VE0',
88 silly registry.get     vary: 'Accept',
88 silly registry.get     'content-length': '0',
88 silly registry.get     'keep-alive': 'timeout=10, max=50',
88 silly registry.get     connection: 'Keep-Alive' } ]
89 verbose etag https://registry.npmjs.org/grunt-contrib-compass from cache
90 silly addNameRange number 2 { name: 'grunt-contrib-compass',
90 silly addNameRange   range: '>=0.14.0-0 <0.15.0-0',
90 silly addNameRange   hasData: true }
91 silly addNameRange versions [ 'grunt-contrib-compass',
91 silly addNameRange   [ '0.1.0',
91 silly addNameRange     '0.1.1',
91 silly addNameRange     '0.1.2',
91 silly addNameRange     '0.1.3',
91 silly addNameRange     '0.2.0',
91 silly addNameRange     '0.3.0',
91 silly addNameRange     '0.4.0',
91 silly addNameRange     '0.4.1',
91 silly addNameRange     '0.5.0',
91 silly addNameRange     '0.6.0',
91 silly addNameRange     '0.7.0',
91 silly addNameRange     '0.1.1-rc7',
91 silly addNameRange     '0.1.1-rc8',
91 silly addNameRange     '0.7.1',
91 silly addNameRange     '0.7.2',
91 silly addNameRange     '0.8.0',
91 silly addNameRange     '0.9.0',
91 silly addNameRange     '0.9.1',
91 silly addNameRange     '1.0.0',
91 silly addNameRange     '1.0.1' ] ]
92 silly lockFile 1aa7bbe0-grunt-contrib-compass-0-14-0 grunt-contrib-compass@~0.14.0
93 silly lockFile 1aa7bbe0-grunt-contrib-compass-0-14-0 grunt-contrib-compass@~0.14.0
94 http 304 https://registry.npmjs.org/grunt-contrib-coffee
95 silly registry.get cb [ 304,
95 silly registry.get   { date: 'Fri, 26 Dec 2014 19:52:43 GMT',
95 silly registry.get     server: 'Apache',
95 silly registry.get     via: '1.1 varnish',
95 silly registry.get     'last-modified': 'Fri, 26 Dec 2014 19:52:16 GMT',
95 silly registry.get     'cache-control': 'max-age=60',
95 silly registry.get     etag: '"DI5SGLFO9B5FQV218O9ES7LL0"',
95 silly registry.get     age: '26',
95 silly registry.get     'x-served-by': 'cache-ty68-TYO',
95 silly registry.get     'x-cache': 'HIT',
95 silly registry.get     'x-cache-hits': '1',
95 silly registry.get     'x-timer': 'S1419623563.275172,VS0,VE0',
95 silly registry.get     vary: 'Accept',
95 silly registry.get     'content-length': '0',
95 silly registry.get     'keep-alive': 'timeout=10, max=50',
95 silly registry.get     connection: 'Keep-Alive' } ]
96 verbose etag https://registry.npmjs.org/grunt-contrib-coffee from cache
97 silly addNameRange number 2 { name: 'grunt-contrib-coffee',
97 silly addNameRange   range: '>=0.12.0-0 <0.13.0-0',
97 silly addNameRange   hasData: true }
98 silly addNameRange versions [ 'grunt-contrib-coffee',
98 silly addNameRange   [ '0.2.0',
98 silly addNameRange     '0.3.0',
98 silly addNameRange     '0.3.1',
98 silly addNameRange     '0.3.2',
98 silly addNameRange     '0.4.0',
98 silly addNameRange     '0.5.0',
98 silly addNameRange     '0.6.0',
98 silly addNameRange     '0.6.1',
98 silly addNameRange     '0.6.2',
98 silly addNameRange     '0.6.3',
98 silly addNameRange     '0.6.4',
98 silly addNameRange     '0.6.5',
98 silly addNameRange     '0.6.6',
98 silly addNameRange     '0.6.7',
98 silly addNameRange     '0.7.0',
98 silly addNameRange     '0.8.0',
98 silly addNameRange     '0.8.2',
98 silly addNameRange     '0.9.0',
98 silly addNameRange     '0.10.0',
98 silly addNameRange     '0.4.0-rc7',
98 silly addNameRange     '0.10.1',
98 silly addNameRange     '0.11.0',
98 silly addNameRange     '0.11.1',
98 silly addNameRange     '0.12.0' ] ]
99 verbose addNamed [ 'grunt-contrib-coffee', '0.12.0' ]
100 verbose addNamed [ '0.12.0', '0.12.0' ]
101 silly lockFile 34c945b3-grunt-contrib-coffee-0-12-0 grunt-contrib-coffee@0.12.0
102 verbose lock grunt-contrib-coffee@0.12.0 C:\Documents and Settings\Administrator\Application Data\npm-cache\34c945b3-grunt-contrib-coffee-0-12-0.lock
103 silly lockFile 34c945b3-grunt-contrib-coffee-0-12-0 grunt-contrib-coffee@0.12.0
104 silly lockFile 34c945b3-grunt-contrib-coffee-0-12-0 grunt-contrib-coffee@0.12.0
105 silly lockFile aaa74e39-grunt-contrib-coffee-0-12-0 grunt-contrib-coffee@~0.12.0
106 silly lockFile aaa74e39-grunt-contrib-coffee-0-12-0 grunt-contrib-coffee@~0.12.0
107 http 304 https://registry.npmjs.org/grunt
108 silly registry.get cb [ 304,
108 silly registry.get   { date: 'Fri, 26 Dec 2014 19:52:43 GMT',
108 silly registry.get     server: 'Apache',
108 silly registry.get     via: '1.1 varnish',
108 silly registry.get     'last-modified': 'Fri, 26 Dec 2014 19:52:43 GMT',
108 silly registry.get     'cache-control': 'max-age=60',
108 silly registry.get     etag: '"6UCJL2XUABC2SAGXWUBO45Z8X"',
108 silly registry.get     age: '26',
108 silly registry.get     'x-served-by': 'cache-ty68-TYO',
108 silly registry.get     'x-cache': 'HIT',
108 silly registry.get     'x-cache-hits': '1',
108 silly registry.get     'x-timer': 'S1419623563.332899,VS0,VE0',
108 silly registry.get     vary: 'Accept',
108 silly registry.get     'content-length': '0',
108 silly registry.get     'keep-alive': 'timeout=10, max=50',
108 silly registry.get     connection: 'Keep-Alive' } ]
109 verbose etag https://registry.npmjs.org/grunt from cache
110 silly addNameRange number 2 { name: 'grunt', range: '>=0.4.1-0 <0.5.0-0', hasData: true }
111 silly addNameRange versions [ 'grunt',
111 silly addNameRange   [ '0.1.0',
111 silly addNameRange     '0.1.1',
111 silly addNameRange     '0.1.2',
111 silly addNameRange     '0.2.0',
111 silly addNameRange     '0.2.1',
111 silly addNameRange     '0.2.2',
111 silly addNameRange     '0.2.3',
111 silly addNameRange     '0.2.4',
111 silly addNameRange     '0.2.5',
111 silly addNameRange     '0.2.6',
111 silly addNameRange     '0.2.7',
111 silly addNameRange     '0.2.8',
111 silly addNameRange     '0.2.9',
111 silly addNameRange     '0.2.10',
111 silly addNameRange     '0.2.11',
111 silly addNameRange     '0.2.12',
111 silly addNameRange     '0.2.13',
111 silly addNameRange     '0.2.14',
111 silly addNameRange     '0.2.15',
111 silly addNameRange     '0.3.0',
111 silly addNameRange     '0.3.1',
111 silly addNameRange     '0.3.2',
111 silly addNameRange     '0.3.3',
111 silly addNameRange     '0.3.4',
111 silly addNameRange     '0.3.5',
111 silly addNameRange     '0.3.6',
111 silly addNameRange     '0.3.7',
111 silly addNameRange     '0.3.8',
111 silly addNameRange     '0.3.9',
111 silly addNameRange     '0.3.10',
111 silly addNameRange     '0.3.11',
111 silly addNameRange     '0.3.12',
111 silly addNameRange     '0.3.13',
111 silly addNameRange     '0.3.14',
111 silly addNameRange     '0.3.15',
111 silly addNameRange     '0.3.16',
111 silly addNameRange     '0.3.17',
111 silly addNameRange     '0.4.0',
111 silly addNameRange     '0.4.1',
111 silly addNameRange     '0.4.2',
111 silly addNameRange     '0.4.3',
111 silly addNameRange     '0.4.4',
111 silly addNameRange     '0.4.5',
111 silly addNameRange     '0.3.13-a',
111 silly addNameRange     '0.4.0-a',
111 silly addNameRange     '0.4.0-rc1',
111 silly addNameRange     '0.4.0-rc2',
111 silly addNameRange     '0.4.0-rc3',
111 silly addNameRange     '0.4.0-rc4',
111 silly addNameRange     '0.4.0-rc5',
111 silly addNameRange     '0.4.0-rc6',
111 silly addNameRange     '0.4.0-rc7',
111 silly addNameRange     '0.4.0-rc8' ] ]
112 verbose addNamed [ 'grunt', '0.4.5' ]
113 verbose addNamed [ '0.4.5', '0.4.5' ]
114 silly lockFile 81abf7ad-grunt-0-4-5 grunt@0.4.5
115 verbose lock grunt@0.4.5 C:\Documents and Settings\Administrator\Application Data\npm-cache\81abf7ad-grunt-0-4-5.lock
116 silly lockFile 81abf7ad-grunt-0-4-5 grunt@0.4.5
117 silly lockFile 81abf7ad-grunt-0-4-5 grunt@0.4.5
118 silly lockFile 766a3bd3-grunt-0-4-1 grunt@~0.4.1
119 silly lockFile 766a3bd3-grunt-0-4-1 grunt@~0.4.1
120 http 304 https://registry.npmjs.org/grunt-contrib-jade
121 silly registry.get cb [ 304,
121 silly registry.get   { date: 'Fri, 26 Dec 2014 19:52:43 GMT',
121 silly registry.get     server: 'Apache',
121 silly registry.get     via: '1.1 varnish',
121 silly registry.get     'last-modified': 'Fri, 26 Dec 2014 19:52:16 GMT',
121 silly registry.get     'cache-control': 'max-age=60',
121 silly registry.get     etag: '"CBY0XE2U6V8J9V20UU57WGTBR"',
121 silly registry.get     age: '27',
121 silly registry.get     'x-served-by': 'cache-ty66-TYO',
121 silly registry.get     'x-cache': 'HIT',
121 silly registry.get     'x-cache-hits': '1',
121 silly registry.get     'x-timer': 'S1419623563.551166,VS0,VE0',
121 silly registry.get     vary: 'Accept',
121 silly registry.get     'content-length': '0',
121 silly registry.get     'keep-alive': 'timeout=10, max=50',
121 silly registry.get     connection: 'Keep-Alive' } ]
122 verbose etag https://registry.npmjs.org/grunt-contrib-jade from cache
123 silly addNameRange number 2 { name: 'grunt-contrib-jade',
123 silly addNameRange   range: '>=0.14.0-0 <0.15.0-0',
123 silly addNameRange   hasData: true }
124 silly addNameRange versions [ 'grunt-contrib-jade',
124 silly addNameRange   [ '0.2.0',
124 silly addNameRange     '0.3.0',
124 silly addNameRange     '0.3.1',
124 silly addNameRange     '0.4.0',
124 silly addNameRange     '0.5.0',
124 silly addNameRange     '0.5.1',
124 silly addNameRange     '0.6.0',
124 silly addNameRange     '0.7.0',
124 silly addNameRange     '0.8.0',
124 silly addNameRange     '0.9.0',
124 silly addNameRange     '0.9.1',
124 silly addNameRange     '0.4.0-rc7',
124 silly addNameRange     '0.10.0',
124 silly addNameRange     '0.11.0',
124 silly addNameRange     '0.12.0',
124 silly addNameRange     '0.13.0',
124 silly addNameRange     '0.14.0' ] ]
125 verbose addNamed [ 'grunt-contrib-jade', '0.14.0' ]
126 verbose addNamed [ '0.14.0', '0.14.0' ]
127 silly lockFile 62b172e7-grunt-contrib-jade-0-14-0 grunt-contrib-jade@0.14.0
128 verbose lock grunt-contrib-jade@0.14.0 C:\Documents and Settings\Administrator\Application Data\npm-cache\62b172e7-grunt-contrib-jade-0-14-0.lock
129 silly lockFile 62b172e7-grunt-contrib-jade-0-14-0 grunt-contrib-jade@0.14.0
130 silly lockFile 62b172e7-grunt-contrib-jade-0-14-0 grunt-contrib-jade@0.14.0
131 silly lockFile 55698a74-grunt-contrib-jade-0-14-0 grunt-contrib-jade@~0.14.0
132 silly lockFile 55698a74-grunt-contrib-jade-0-14-0 grunt-contrib-jade@~0.14.0
133 error notarget No compatible version found: grunt-contrib-compass@'>=0.14.0-0 <0.15.0-0'
133 error notarget Valid install targets:
133 error notarget ["0.1.0","0.1.1","0.1.2","0.1.3","0.2.0","0.3.0","0.4.0","0.4.1","0.5.0","0.6.0","0.7.0","0.1.1-rc7","0.1.1-rc8","0.7.1","0.7.2","0.8.0","0.9.0","0.9.1","1.0.0","1.0.1"]
133 error notarget
133 error notarget This is most likely not a problem with npm itself.
133 error notarget In most cases you or one of your dependencies are requesting
133 error notarget a package version that doesn't exist.
134 error System Windows_NT 5.1.2600
135 error command "C:\\Program Files\\nodejs\\\\node.exe" "C:\\Program Files\\nodejs\\node_modules\\npm\\bin\\npm-cli.js" "install"
136 error cwd C:\web
137 error node -v v0.10.35
138 error npm -v 1.4.28
139 error code ETARGET
140 verbose exit [ 1, true ]
